[GIN-debug] [WARNING] Creating an Engine instance with the Logger and Recovery middleware already attached.

[GIN-debug] [WARNING] Running in "debug" mode. Switch to "release" mode in production.
 - using env:	export GIN_MODE=release
 - using code:	gin.SetMode(gin.ReleaseMode)

[GIN-debug] Loaded HTML Templates (2): 
	- index.html
	- 

[GIN-debug] GET    /                         --> main.main.func1 (3 handlers)
[GIN-debug] POST   /create                   --> github.com/karasawa/gorm-crud.git/app/controllers.TodoCreate (3 handlers)
[GIN-debug] [WARNING] You trusted all proxies, this is NOT safe. We recommend you to set a value.
Please check https://pkg.go.dev/github.com/gin-gonic/gin#readme-don-t-trust-all-proxies for details.
[GIN-debug] Listening and serving HTTP on :8080
[GIN] 2023/01/14 - 05:19:58 | 200 |   15.769462ms |      172.22.0.1 | GET      "/"
[GIN] 2023/01/14 - 05:20:10 | 200 |  166.608893ms |      172.22.0.1 | POST     "/create"
[GIN-debug] [WARNING] Creating an Engine instance with the Logger and Recovery middleware already attached.

[GIN-debug] [WARNING] Running in "debug" mode. Switch to "release" mode in production.
 - using env:	export GIN_MODE=release
 - using code:	gin.SetMode(gin.ReleaseMode)

[GIN-debug] Loaded HTML Templates (4): 
	- 
	- create_todo.html
	- home.html
	- index.html

[GIN-debug] GET    /                         --> main.main.func1 (3 handlers)
[GIN-debug] POST   /create                   --> github.com/karasawa/gorm-crud.git/app/controllers.TodoCreate (3 handlers)
[GIN-debug] [WARNING] You trusted all proxies, this is NOT safe. We recommend you to set a value.
Please check https://pkg.go.dev/github.com/gin-gonic/gin#readme-don-t-trust-all-proxies for details.
[GIN-debug] Listening and serving HTTP on :8080
[GIN] 2023/01/14 - 05:28:48 | 200 |   31.732715ms |      172.22.0.1 | GET      "/"
[GIN-debug] [WARNING] Creating an Engine instance with the Logger and Recovery middleware already attached.

[GIN-debug] [WARNING] Running in "debug" mode. Switch to "release" mode in production.
 - using env:	export GIN_MODE=release
 - using code:	gin.SetMode(gin.ReleaseMode)

[GIN-debug] [WARNING] Creating an Engine instance with the Logger and Recovery middleware already attached.

[GIN-debug] [WARNING] Running in "debug" mode. Switch to "release" mode in production.
 - using env:	export GIN_MODE=release
 - using code:	gin.SetMode(gin.ReleaseMode)

[GIN-debug] [WARNING] Creating an Engine instance with the Logger and Recovery middleware already attached.

[GIN-debug] [WARNING] Running in "debug" mode. Switch to "release" mode in production.
 - using env:	export GIN_MODE=release
 - using code:	gin.SetMode(gin.ReleaseMode)

[GIN-debug] [WARNING] Creating an Engine instance with the Logger and Recovery middleware already attached.

[GIN-debug] [WARNING] Running in "debug" mode. Switch to "release" mode in production.
 - using env:	export GIN_MODE=release
 - using code:	gin.SetMode(gin.ReleaseMode)

[GIN-debug] [WARNING] Creating an Engine instance with the Logger and Recovery middleware already attached.

[GIN-debug] [WARNING] Running in "debug" mode. Switch to "release" mode in production.
 - using env:	export GIN_MODE=release
 - using code:	gin.SetMode(gin.ReleaseMode)

[GIN-debug] [WARNING] Creating an Engine instance with the Logger and Recovery middleware already attached.

[GIN-debug] [WARNING] Running in "debug" mode. Switch to "release" mode in production.
 - using env:	export GIN_MODE=release
 - using code:	gin.SetMode(gin.ReleaseMode)

[GIN-debug] [WARNING] Creating an Engine instance with the Logger and Recovery middleware already attached.

[GIN-debug] [WARNING] Running in "debug" mode. Switch to "release" mode in production.
 - using env:	export GIN_MODE=release
 - using code:	gin.SetMode(gin.ReleaseMode)

[GIN-debug] [WARNING] Creating an Engine instance with the Logger and Recovery middleware already attached.

[GIN-debug] [WARNING] Running in "debug" mode. Switch to "release" mode in production.
 - using env:	export GIN_MODE=release
 - using code:	gin.SetMode(gin.ReleaseMode)

[GIN-debug] [WARNING] Creating an Engine instance with the Logger and Recovery middleware already attached.

[GIN-debug] [WARNING] Running in "debug" mode. Switch to "release" mode in production.
 - using env:	export GIN_MODE=release
 - using code:	gin.SetMode(gin.ReleaseMode)

[GIN-debug] [WARNING] Creating an Engine instance with the Logger and Recovery middleware already attached.

[GIN-debug] [WARNING] Running in "debug" mode. Switch to "release" mode in production.
 - using env:	export GIN_MODE=release
 - using code:	gin.SetMode(gin.ReleaseMode)

[GIN-debug] Loaded HTML Templates (4): 
	- 
	- create_todo.html
	- home.html
	- index.html

[GIN-debug] GET    /                         --> github.com/karasawa/gorm-crud.git/app/controllers.TodoGet (3 handlers)
[GIN-debug] GET    /todo/create              --> github.com/karasawa/gorm-crud.git/app/controllers.TodoCreate (3 handlers)
[GIN-debug] POST   /todo/create              --> github.com/karasawa/gorm-crud.git/app/controllers.TodoCreate (3 handlers)
[GIN-debug] [WARNING] You trusted all proxies, this is NOT safe. We recommend you to set a value.
Please check https://pkg.go.dev/github.com/gin-gonic/gin#readme-don-t-trust-all-proxies for details.
[GIN-debug] Listening and serving HTTP on :8080
[GIN-debug] [WARNING] Headers were already written. Wanted to override status code 200 with 500
[GIN] 2023/01/14 - 05:58:57 | 500 |  149.923586ms |      172.22.0.1 | GET      "/"
[GIN] 2023/01/14 - 05:59:00 | 200 |   24.061284ms |      172.22.0.1 | GET      "/todo/create"
[GIN] 2023/01/14 - 05:59:14 | 404 |         990ns |      172.22.0.1 | POST     "/create"
[GIN-debug] [WARNING] Creating an Engine instance with the Logger and Recovery middleware already attached.

[GIN-debug] [WARNING] Running in "debug" mode. Switch to "release" mode in production.
 - using env:	export GIN_MODE=release
 - using code:	gin.SetMode(gin.ReleaseMode)

[GIN-debug] Loaded HTML Templates (4): 
	- 
	- create_todo.html
	- home.html
	- index.html

[GIN-debug] GET    /                         --> github.com/karasawa/gorm-crud.git/app/controllers.TodoGet (3 handlers)
[GIN-debug] GET    /todo/create              --> github.com/karasawa/gorm-crud.git/app/controllers.TodoCreate (3 handlers)
[GIN-debug] POST   /todo/create              --> github.com/karasawa/gorm-crud.git/app/controllers.TodoCreate (3 handlers)
[GIN-debug] [WARNING] You trusted all proxies, this is NOT safe. We recommend you to set a value.
Please check https://pkg.go.dev/github.com/gin-gonic/gin#readme-don-t-trust-all-proxies for details.
[GIN-debug] Listening and serving HTTP on :8080
[GIN-debug] [WARNING] Headers were already written. Wanted to override status code 200 with 500
[GIN] 2023/01/14 - 06:00:39 | 500 |  139.621647ms |      172.22.0.1 | GET      "/"
[GIN] 2023/01/14 - 06:00:41 | 200 |   26.538906ms |      172.22.0.1 | GET      "/todo/create"
[GIN] 2023/01/14 - 06:00:45 | 200 |  129.630391ms |      172.22.0.1 | POST     "/todo/create"
[GIN-debug] [WARNING] Creating an Engine instance with the Logger and Recovery middleware already attached.

[GIN-debug] [WARNING] Running in "debug" mode. Switch to "release" mode in production.
 - using env:	export GIN_MODE=release
 - using code:	gin.SetMode(gin.ReleaseMode)

[GIN-debug] Loaded HTML Templates (4): 
	- 
	- create_todo.html
	- home.html
	- index.html

[GIN-debug] GET    /                         --> github.com/karasawa/gorm-crud.git/app/controllers.TodoGet (3 handlers)
[GIN-debug] GET    /todo/create              --> github.com/karasawa/gorm-crud.git/app/controllers.TodoCreate (3 handlers)
[GIN-debug] POST   /todo/create              --> github.com/karasawa/gorm-crud.git/app/controllers.TodoCreate (3 handlers)
[GIN-debug] [WARNING] You trusted all proxies, this is NOT safe. We recommend you to set a value.
Please check https://pkg.go.dev/github.com/gin-gonic/gin#readme-don-t-trust-all-proxies for details.
[GIN-debug] Listening and serving HTTP on :8080
[GIN-debug] [WARNING] Headers were already written. Wanted to override status code 200 with 500
[GIN] 2023/01/14 - 06:01:39 | 500 |  147.542919ms |      172.22.0.1 | GET      "/"
[GIN-debug] [WARNING] Headers were already written. Wanted to override status code 200 with 500
[GIN] 2023/01/14 - 06:01:41 | 500 |  196.310706ms |      172.22.0.1 | GET      "/"
[GIN-debug] [WARNING] Creating an Engine instance with the Logger and Recovery middleware already attached.

[GIN-debug] [WARNING] Running in "debug" mode. Switch to "release" mode in production.
 - using env:	export GIN_MODE=release
 - using code:	gin.SetMode(gin.ReleaseMode)

[GIN-debug] Loaded HTML Templates (4): 
	- 
	- create_todo.html
	- home.html
	- index.html

[GIN-debug] GET    /                         --> github.com/karasawa/gorm-crud.git/app/controllers.TodoGet (3 handlers)
[GIN-debug] GET    /todo/create              --> github.com/karasawa/gorm-crud.git/app/controllers.TodoCreate (3 handlers)
[GIN-debug] POST   /todo/create              --> github.com/karasawa/gorm-crud.git/app/controllers.TodoCreate (3 handlers)
[GIN-debug] [WARNING] You trusted all proxies, this is NOT safe. We recommend you to set a value.
Please check https://pkg.go.dev/github.com/gin-gonic/gin#readme-don-t-trust-all-proxies for details.
[GIN-debug] Listening and serving HTTP on :8080
[GIN-debug] [WARNING] Headers were already written. Wanted to override status code 200 with 500
[GIN] 2023/01/14 - 06:03:23 | 500 |  144.706617ms |      172.22.0.1 | GET      "/"
[GIN] 2023/01/14 - 06:03:24 | 200 |   22.107695ms |      172.22.0.1 | GET      "/todo/create"
[GIN] 2023/01/14 - 06:03:28 | 302 |  100.213826ms |      172.22.0.1 | POST     "/todo/create"
[GIN-debug] [WARNING] Headers were already written. Wanted to override status code 200 with 500
[GIN] 2023/01/14 - 06:03:28 | 500 |  127.405977ms |      172.22.0.1 | GET      "/"
[GIN-debug] [WARNING] Headers were already written. Wanted to override status code 200 with 500
[GIN] 2023/01/14 - 06:04:18 | 500 |  134.406397ms |      172.22.0.1 | GET      "/"
[GIN] 2023/01/14 - 06:04:19 | 200 |    23.89424ms |      172.22.0.1 | GET      "/todo/create"
[GIN] 2023/01/14 - 06:04:24 | 302 |   97.641218ms |      172.22.0.1 | POST     "/todo/create"
[GIN-debug] [WARNING] Headers were already written. Wanted to override status code 200 with 500
[GIN] 2023/01/14 - 06:04:24 | 500 |  144.920292ms |      172.22.0.1 | GET      "/"
[GIN-debug] [WARNING] Creating an Engine instance with the Logger and Recovery middleware already attached.

[GIN-debug] [WARNING] Running in "debug" mode. Switch to "release" mode in production.
 - using env:	export GIN_MODE=release
 - using code:	gin.SetMode(gin.ReleaseMode)

[GIN-debug] Loaded HTML Templates (4): 
	- index.html
	- 
	- create_todo.html
	- home.html

[GIN-debug] GET    /                         --> github.com/karasawa/gorm-crud.git/app/controllers.TodoGet (3 handlers)
[GIN-debug] GET    /todo/create              --> github.com/karasawa/gorm-crud.git/app/controllers.TodoCreate (3 handlers)
[GIN-debug] POST   /todo/create              --> github.com/karasawa/gorm-crud.git/app/controllers.TodoCreate (3 handlers)
[GIN-debug] [WARNING] You trusted all proxies, this is NOT safe. We recommend you to set a value.
Please check https://pkg.go.dev/github.com/gin-gonic/gin#readme-don-t-trust-all-proxies for details.
[GIN-debug] Listening and serving HTTP on :8080
[GIN-debug] [WARNING] Headers were already written. Wanted to override status code 200 with 500
[GIN] 2023/01/14 - 06:05:42 | 500 |   134.26163ms |      172.22.0.1 | GET      "/"
[GIN-debug] [WARNING] Creating an Engine instance with the Logger and Recovery middleware already attached.

[GIN-debug] [WARNING] Running in "debug" mode. Switch to "release" mode in production.
 - using env:	export GIN_MODE=release
 - using code:	gin.SetMode(gin.ReleaseMode)

[GIN-debug] Loaded HTML Templates (4): 
	- home.html
	- index.html
	- 
	- create_todo.html

[GIN-debug] GET    /                         --> github.com/karasawa/gorm-crud.git/app/controllers.TodoGet (3 handlers)
[GIN-debug] GET    /todo/create              --> github.com/karasawa/gorm-crud.git/app/controllers.TodoCreate (3 handlers)
[GIN-debug] POST   /todo/create              --> github.com/karasawa/gorm-crud.git/app/controllers.TodoCreate (3 handlers)
[GIN-debug] [WARNING] You trusted all proxies, this is NOT safe. We recommend you to set a value.
Please check https://pkg.go.dev/github.com/gin-gonic/gin#readme-don-t-trust-all-proxies for details.
[GIN-debug] Listening and serving HTTP on :8080
[GIN-debug] [WARNING] Headers were already written. Wanted to override status code 200 with 500
[GIN] 2023/01/14 - 06:06:44 | 500 |  147.056984ms |      172.22.0.1 | GET      "/"
[GIN-debug] [WARNING] Creating an Engine instance with the Logger and Recovery middleware already attached.

[GIN-debug] [WARNING] Running in "debug" mode. Switch to "release" mode in production.
 - using env:	export GIN_MODE=release
 - using code:	gin.SetMode(gin.ReleaseMode)

[GIN-debug] Loaded HTML Templates (4): 
	- 
	- create_todo.html
	- home.html
	- index.html

[GIN-debug] GET    /                         --> github.com/karasawa/gorm-crud.git/app/controllers.TodoGet (3 handlers)
[GIN-debug] GET    /todo/create              --> github.com/karasawa/gorm-crud.git/app/controllers.TodoCreate (3 handlers)
[GIN-debug] POST   /todo/create              --> github.com/karasawa/gorm-crud.git/app/controllers.TodoCreate (3 handlers)
[GIN-debug] [WARNING] You trusted all proxies, this is NOT safe. We recommend you to set a value.
Please check https://pkg.go.dev/github.com/gin-gonic/gin#readme-don-t-trust-all-proxies for details.
[GIN-debug] Listening and serving HTTP on :8080
[GIN-debug] [WARNING] Headers were already written. Wanted to override status code 200 with 500
[GIN] 2023/01/14 - 06:07:23 | 500 |  149.220232ms |      172.22.0.1 | GET      "/"
[GIN-debug] [WARNING] Creating an Engine instance with the Logger and Recovery middleware already attached.

[GIN-debug] [WARNING] Running in "debug" mode. Switch to "release" mode in production.
 - using env:	export GIN_MODE=release
 - using code:	gin.SetMode(gin.ReleaseMode)

[GIN-debug] Loaded HTML Templates (4): 
	- home.html
	- index.html
	- 
	- create_todo.html

[GIN-debug] GET    /                         --> github.com/karasawa/gorm-crud.git/app/controllers.TodoGet (3 handlers)
[GIN-debug] GET    /todo/create              --> github.com/karasawa/gorm-crud.git/app/controllers.TodoCreate (3 handlers)
[GIN-debug] POST   /todo/create              --> github.com/karasawa/gorm-crud.git/app/controllers.TodoCreate (3 handlers)
[GIN-debug] [WARNING] You trusted all proxies, this is NOT safe. We recommend you to set a value.
Please check https://pkg.go.dev/github.com/gin-gonic/gin#readme-don-t-trust-all-proxies for details.
[GIN-debug] Listening and serving HTTP on :8080
[GIN-debug] [WARNING] Creating an Engine instance with the Logger and Recovery middleware already attached.

[GIN-debug] [WARNING] Running in "debug" mode. Switch to "release" mode in production.
 - using env:	export GIN_MODE=release
 - using code:	gin.SetMode(gin.ReleaseMode)

[GIN-debug] Loaded HTML Templates (4): 
	- 
	- create_todo.html
	- home.html
	- index.html

[GIN-debug] GET    /                         --> github.com/karasawa/gorm-crud.git/app/controllers.TodoGet (3 handlers)
[GIN-debug] GET    /todo/create              --> github.com/karasawa/gorm-crud.git/app/controllers.TodoCreate (3 handlers)
[GIN-debug] POST   /todo/create              --> github.com/karasawa/gorm-crud.git/app/controllers.TodoCreate (3 handlers)
[GIN-debug] [WARNING] You trusted all proxies, this is NOT safe. We recommend you to set a value.
Please check https://pkg.go.dev/github.com/gin-gonic/gin#readme-don-t-trust-all-proxies for details.
[GIN-debug] Listening and serving HTTP on :8080
[GIN] 2023/01/14 - 06:29:57 | 200 | 21.346407545s |      172.22.0.1 | GET      "/todo/create"
[GIN-debug] [WARNING] Headers were already written. Wanted to override status code 200 with 500
[GIN] 2023/01/14 - 06:29:57 | 500 |         2m31s |      172.22.0.1 | GET      "/"
[GIN-debug] [WARNING] Headers were already written. Wanted to override status code 200 with 500
[GIN] 2023/01/14 - 06:30:21 | 500 |          1m5s |      172.22.0.1 | GET      "/"
[GIN-debug] [WARNING] Creating an Engine instance with the Logger and Recovery middleware already attached.

[GIN-debug] [WARNING] Running in "debug" mode. Switch to "release" mode in production.
 - using env:	export GIN_MODE=release
 - using code:	gin.SetMode(gin.ReleaseMode)

[GIN-debug] Loaded HTML Templates (4): 
	- 
	- create_todo.html
	- home.html
	- index.html

[GIN-debug] GET    /                         --> github.com/karasawa/gorm-crud.git/app/controllers.TodoGet (3 handlers)
[GIN-debug] GET    /todo/create              --> github.com/karasawa/gorm-crud.git/app/controllers.TodoCreate (3 handlers)
[GIN-debug] POST   /todo/create              --> github.com/karasawa/gorm-crud.git/app/controllers.TodoCreate (3 handlers)
[GIN-debug] [WARNING] You trusted all proxies, this is NOT safe. We recommend you to set a value.
Please check https://pkg.go.dev/github.com/gin-gonic/gin#readme-don-t-trust-all-proxies for details.
[GIN-debug] Listening and serving HTTP on :8080
[GIN-debug] [WARNING] Headers were already written. Wanted to override status code 200 with 500
[GIN] 2023/01/14 - 06:31:43 | 500 | 58.779103681s |      172.22.0.1 | GET      "/"
[GIN] 2023/01/14 - 06:31:48 | 200 |   24.753251ms |      172.22.0.1 | GET      "/todo/create"
[GIN] 2023/01/14 - 06:31:50 | 200 |     22.6144ms |      172.22.0.1 | GET      "/todo/create"
[GIN-debug] [WARNING] Creating an Engine instance with the Logger and Recovery middleware already attached.

[GIN-debug] [WARNING] Running in "debug" mode. Switch to "release" mode in production.
 - using env:	export GIN_MODE=release
 - using code:	gin.SetMode(gin.ReleaseMode)

[GIN-debug] Loaded HTML Templates (4): 
	- 
	- create_todo.html
	- home.html
	- index.html

[GIN-debug] GET    /                         --> github.com/karasawa/gorm-crud.git/app/controllers.TodoGet (3 handlers)
[GIN-debug] GET    /todo/create              --> github.com/karasawa/gorm-crud.git/app/controllers.TodoCreate (3 handlers)
[GIN-debug] POST   /todo/create              --> github.com/karasawa/gorm-crud.git/app/controllers.TodoCreate (3 handlers)
[GIN-debug] [WARNING] You trusted all proxies, this is NOT safe. We recommend you to set a value.
Please check https://pkg.go.dev/github.com/gin-gonic/gin#readme-don-t-trust-all-proxies for details.
[GIN-debug] Listening and serving HTTP on :8080
[GIN-debug] [WARNING] Creating an Engine instance with the Logger and Recovery middleware already attached.

[GIN-debug] [WARNING] Running in "debug" mode. Switch to "release" mode in production.
 - using env:	export GIN_MODE=release
 - using code:	gin.SetMode(gin.ReleaseMode)

[GIN-debug] Loaded HTML Templates (4): 
	- index.html
	- 
	- create_todo.html
	- home.html

[GIN-debug] GET    /                         --> github.com/karasawa/gorm-crud.git/app/controllers.TodoGet (3 handlers)
[GIN-debug] GET    /todo/create              --> github.com/karasawa/gorm-crud.git/app/controllers.TodoCreate (3 handlers)
[GIN-debug] POST   /todo/create              --> github.com/karasawa/gorm-crud.git/app/controllers.TodoCreate (3 handlers)
[GIN-debug] [WARNING] You trusted all proxies, this is NOT safe. We recommend you to set a value.
Please check https://pkg.go.dev/github.com/gin-gonic/gin#readme-don-t-trust-all-proxies for details.
[GIN-debug] Listening and serving HTTP on :8080
[GIN] 2023/01/14 - 06:33:18 | 200 | 12.290011589s |      172.22.0.1 | GET      "/"
[GIN] 2023/01/14 - 06:33:24 | 200 |   25.955172ms |      172.22.0.1 | GET      "/todo/create"
[GIN] 2023/01/14 - 06:33:43 | 302 |  111.060444ms |      172.22.0.1 | POST     "/todo/create"
[GIN] 2023/01/14 - 06:34:07 | 200 | 24.249464859s |      172.22.0.1 | GET      "/"
[GIN-debug] [WARNING] Creating an Engine instance with the Logger and Recovery middleware already attached.

[GIN-debug] [WARNING] Running in "debug" mode. Switch to "release" mode in production.
 - using env:	export GIN_MODE=release
 - using code:	gin.SetMode(gin.ReleaseMode)

[GIN-debug] Loaded HTML Templates (4): 
	- create_todo.html
	- home.html
	- index.html
	- 

[GIN-debug] GET    /                         --> github.com/karasawa/gorm-crud.git/app/controllers.TodoGet (3 handlers)
[GIN-debug] GET    /todo/create              --> github.com/karasawa/gorm-crud.git/app/controllers.TodoCreate (3 handlers)
[GIN-debug] POST   /todo/create              --> github.com/karasawa/gorm-crud.git/app/controllers.TodoCreate (3 handlers)
[GIN-debug] [WARNING] You trusted all proxies, this is NOT safe. We recommend you to set a value.
Please check https://pkg.go.dev/github.com/gin-gonic/gin#readme-don-t-trust-all-proxies for details.
[GIN-debug] Listening and serving HTTP on :8080
[GIN] 2023/01/14 - 06:35:28 | 200 |  139.101993ms |      172.22.0.1 | GET      "/"
[GIN] 2023/01/14 - 06:35:30 | 200 |    27.28274ms |      172.22.0.1 | GET      "/todo/create"
[GIN] 2023/01/14 - 06:35:36 | 302 |    94.33993ms |      172.22.0.1 | POST     "/todo/create"
[GIN] 2023/01/14 - 06:35:36 | 200 |  120.660918ms |      172.22.0.1 | GET      "/"
[GIN-debug] [WARNING] Creating an Engine instance with the Logger and Recovery middleware already attached.

[GIN-debug] [WARNING] Running in "debug" mode. Switch to "release" mode in production.
 - using env:	export GIN_MODE=release
 - using code:	gin.SetMode(gin.ReleaseMode)

[GIN-debug] Loaded HTML Templates (3): 
	- 
	- create_todo.html
	- home.html

[GIN-debug] GET    /                         --> github.com/karasawa/gorm-crud.git/app/controllers.TodoGet (3 handlers)
[GIN-debug] GET    /todo/create              --> github.com/karasawa/gorm-crud.git/app/controllers.TodoCreate (3 handlers)
[GIN-debug] POST   /todo/create              --> github.com/karasawa/gorm-crud.git/app/controllers.TodoCreate (3 handlers)
[GIN-debug] [WARNING] You trusted all proxies, this is NOT safe. We recommend you to set a value.
Please check https://pkg.go.dev/github.com/gin-gonic/gin#readme-don-t-trust-all-proxies for details.
[GIN-debug] Listening and serving HTTP on :8080
[GIN-debug] [WARNING] Headers were already written. Wanted to override status code 200 with 500
[GIN] 2023/01/14 - 06:36:23 | 500 |  118.338267ms |      172.22.0.1 | GET      "/"
[GIN-debug] [WARNING] Creating an Engine instance with the Logger and Recovery middleware already attached.

[GIN-debug] [WARNING] Running in "debug" mode. Switch to "release" mode in production.
 - using env:	export GIN_MODE=release
 - using code:	gin.SetMode(gin.ReleaseMode)

[GIN-debug] Loaded HTML Templates (3): 
	- 
	- create_todo.html
	- home.html

[GIN-debug] GET    /                         --> github.com/karasawa/gorm-crud.git/app/controllers.TodoGet (3 handlers)
[GIN-debug] GET    /todo/create              --> github.com/karasawa/gorm-crud.git/app/controllers.TodoCreate (3 handlers)
[GIN-debug] POST   /todo/create              --> github.com/karasawa/gorm-crud.git/app/controllers.TodoCreate (3 handlers)
[GIN-debug] [WARNING] You trusted all proxies, this is NOT safe. We recommend you to set a value.
Please check https://pkg.go.dev/github.com/gin-gonic/gin#readme-don-t-trust-all-proxies for details.
[GIN-debug] Listening and serving HTTP on :8080
[GIN] 2023/01/14 - 06:36:32 | 200 |  124.692401ms |      172.22.0.1 | GET      "/"
[GIN-debug] [WARNING] Creating an Engine instance with the Logger and Recovery middleware already attached.

[GIN-debug] [WARNING] Running in "debug" mode. Switch to "release" mode in production.
 - using env:	export GIN_MODE=release
 - using code:	gin.SetMode(gin.ReleaseMode)

[GIN-debug] Loaded HTML Templates (3): 
	- 
	- create_todo.html
	- home.html

[GIN-debug] GET    /                         --> github.com/karasawa/gorm-crud.git/app/controllers.TodoGet (3 handlers)
[GIN-debug] GET    /todo/create              --> github.com/karasawa/gorm-crud.git/app/controllers.TodoCreate (3 handlers)
[GIN-debug] POST   /todo/create              --> github.com/karasawa/gorm-crud.git/app/controllers.TodoCreate (3 handlers)
[GIN-debug] [WARNING] You trusted all proxies, this is NOT safe. We recommend you to set a value.
Please check https://pkg.go.dev/github.com/gin-gonic/gin#readme-don-t-trust-all-proxies for details.
[GIN-debug] Listening and serving HTTP on :8080
[GIN] 2023/01/14 - 06:37:05 | 200 |  187.109941ms |      172.22.0.1 | GET      "/"
[GIN-debug] [WARNING] Creating an Engine instance with the Logger and Recovery middleware already attached.

[GIN-debug] [WARNING] Running in "debug" mode. Switch to "release" mode in production.
 - using env:	export GIN_MODE=release
 - using code:	gin.SetMode(gin.ReleaseMode)

[GIN-debug] Loaded HTML Templates (3): 
	- 
	- create_todo.html
	- home.html

[GIN-debug] GET    /                         --> github.com/karasawa/gorm-crud.git/app/controllers.TodoGet (3 handlers)
[GIN-debug] GET    /todo/create              --> github.com/karasawa/gorm-crud.git/app/controllers.TodoCreate (3 handlers)
[GIN-debug] POST   /todo/create              --> github.com/karasawa/gorm-crud.git/app/controllers.TodoCreate (3 handlers)
[GIN-debug] [WARNING] You trusted all proxies, this is NOT safe. We recommend you to set a value.
Please check https://pkg.go.dev/github.com/gin-gonic/gin#readme-don-t-trust-all-proxies for details.
[GIN-debug] Listening and serving HTTP on :8080
[GIN] 2023/01/14 - 06:37:22 | 200 |  119.099341ms |      172.22.0.1 | GET      "/"
[GIN-debug] [WARNING] Creating an Engine instance with the Logger and Recovery middleware already attached.

[GIN-debug] [WARNING] Running in "debug" mode. Switch to "release" mode in production.
 - using env:	export GIN_MODE=release
 - using code:	gin.SetMode(gin.ReleaseMode)

[GIN-debug] Loaded HTML Templates (3): 
	- 
	- create_todo.html
	- home.html

[GIN-debug] GET    /                         --> github.com/karasawa/gorm-crud.git/app/controllers.TodoGet (3 handlers)
[GIN-debug] GET    /todo/create              --> github.com/karasawa/gorm-crud.git/app/controllers.TodoCreate (3 handlers)
[GIN-debug] POST   /todo/create              --> github.com/karasawa/gorm-crud.git/app/controllers.TodoCreate (3 handlers)
[GIN-debug] [WARNING] You trusted all proxies, this is NOT safe. We recommend you to set a value.
Please check https://pkg.go.dev/github.com/gin-gonic/gin#readme-don-t-trust-all-proxies for details.
[GIN-debug] Listening and serving HTTP on :8080
[GIN] 2023/01/14 - 06:37:50 | 200 |  143.045037ms |      172.22.0.1 | GET      "/"
[GIN-debug] [WARNING] Creating an Engine instance with the Logger and Recovery middleware already attached.

[GIN-debug] [WARNING] Running in "debug" mode. Switch to "release" mode in production.
 - using env:	export GIN_MODE=release
 - using code:	gin.SetMode(gin.ReleaseMode)

[GIN-debug] Loaded HTML Templates (3): 
	- 
	- create_todo.html
	- home.html

[GIN-debug] GET    /                         --> github.com/karasawa/gorm-crud.git/app/controllers.TodoGet (3 handlers)
[GIN-debug] GET    /todo/create              --> github.com/karasawa/gorm-crud.git/app/controllers.TodoCreate (3 handlers)
[GIN-debug] POST   /todo/create              --> github.com/karasawa/gorm-crud.git/app/controllers.TodoCreate (3 handlers)
[GIN-debug] [WARNING] You trusted all proxies, this is NOT safe. We recommend you to set a value.
Please check https://pkg.go.dev/github.com/gin-gonic/gin#readme-don-t-trust-all-proxies for details.
[GIN-debug] Listening and serving HTTP on :8080
[GIN] 2023/01/14 - 06:38:15 | 200 |   119.46956ms |      172.22.0.1 | GET      "/"
[GIN] 2023/01/14 - 06:38:22 | 404 |         583ns |      172.22.0.1 | GET      "/todo/delete"
[GIN-debug] [WARNING] Creating an Engine instance with the Logger and Recovery middleware already attached.

[GIN-debug] [WARNING] Running in "debug" mode. Switch to "release" mode in production.
 - using env:	export GIN_MODE=release
 - using code:	gin.SetMode(gin.ReleaseMode)

[GIN-debug] Loaded HTML Templates (3): 
	- 
	- create_todo.html
	- home.html

[GIN-debug] GET    /                         --> github.com/karasawa/gorm-crud.git/app/controllers.TodoGet (3 handlers)
[GIN-debug] GET    /todo/create              --> github.com/karasawa/gorm-crud.git/app/controllers.TodoCreate (3 handlers)
[GIN-debug] POST   /todo/create              --> github.com/karasawa/gorm-crud.git/app/controllers.TodoCreate (3 handlers)
[GIN-debug] [WARNING] You trusted all proxies, this is NOT safe. We recommend you to set a value.
Please check https://pkg.go.dev/github.com/gin-gonic/gin#readme-don-t-trust-all-proxies for details.
[GIN-debug] Listening and serving HTTP on :8080
[GIN] 2023/01/14 - 06:43:06 | 200 |  8.721205802s |      172.22.0.1 | GET      "/"
[GIN-debug] [WARNING] Creating an Engine instance with the Logger and Recovery middleware already attached.

[GIN-debug] [WARNING] Running in "debug" mode. Switch to "release" mode in production.
 - using env:	export GIN_MODE=release
 - using code:	gin.SetMode(gin.ReleaseMode)

[GIN-debug] Loaded HTML Templates (3): 
	- 
	- create_todo.html
	- home.html

[GIN-debug] GET    /                         --> github.com/karasawa/gorm-crud.git/app/controllers.TodoGet (3 handlers)
[GIN-debug] GET    /todo/create              --> github.com/karasawa/gorm-crud.git/app/controllers.TodoCreate (3 handlers)
[GIN-debug] POST   /todo/create              --> github.com/karasawa/gorm-crud.git/app/controllers.TodoCreate (3 handlers)
[GIN-debug] [WARNING] You trusted all proxies, this is NOT safe. We recommend you to set a value.
Please check https://pkg.go.dev/github.com/gin-gonic/gin#readme-don-t-trust-all-proxies for details.
[GIN-debug] Listening and serving HTTP on :8080
[GIN] 2023/01/14 - 06:43:24 | 200 |  109.604067ms |      172.22.0.1 | GET      "/"
[GIN] 2023/01/14 - 06:43:26 | 404 |         723ns |      172.22.0.1 | GET      "/todo/delete/4"
[GIN] 2023/01/14 - 06:43:30 | 404 |       1.237µs |      172.22.0.1 | GET      "/todo/delete/4"
[GIN-debug] [WARNING] Creating an Engine instance with the Logger and Recovery middleware already attached.

[GIN-debug] [WARNING] Running in "debug" mode. Switch to "release" mode in production.
 - using env:	export GIN_MODE=release
 - using code:	gin.SetMode(gin.ReleaseMode)

[GIN-debug] Loaded HTML Templates (3): 
	- 
	- create_todo.html
	- home.html

[GIN-debug] GET    /                         --> github.com/karasawa/gorm-crud.git/app/controllers.TodoGet (3 handlers)
[GIN-debug] GET    /todo/create              --> github.com/karasawa/gorm-crud.git/app/controllers.TodoCreate (3 handlers)
[GIN-debug] POST   /todo/create              --> github.com/karasawa/gorm-crud.git/app/controllers.TodoCreate (3 handlers)
[GIN-debug] [WARNING] You trusted all proxies, this is NOT safe. We recommend you to set a value.
Please check https://pkg.go.dev/github.com/gin-gonic/gin#readme-don-t-trust-all-proxies for details.
[GIN-debug] Listening and serving HTTP on :8080
[GIN] 2023/01/14 - 06:45:25 | 200 |  183.455071ms |      172.22.0.1 | GET      "/"
[GIN] 2023/01/14 - 06:45:27 | 404 |       1.105µs |      172.22.0.1 | GET      "/todo/delete/:4"
[GIN-debug] [WARNING] Creating an Engine instance with the Logger and Recovery middleware already attached.

[GIN-debug] [WARNING] Running in "debug" mode. Switch to "release" mode in production.
 - using env:	export GIN_MODE=release
 - using code:	gin.SetMode(gin.ReleaseMode)

[GIN-debug] Loaded HTML Templates (3): 
	- 
	- create_todo.html
	- home.html

[GIN-debug] GET    /                         --> github.com/karasawa/gorm-crud.git/app/controllers.TodoGet (3 handlers)
[GIN-debug] GET    /todo/create              --> github.com/karasawa/gorm-crud.git/app/controllers.TodoCreate (3 handlers)
[GIN-debug] POST   /todo/create              --> github.com/karasawa/gorm-crud.git/app/controllers.TodoCreate (3 handlers)
[GIN-debug] [WARNING] You trusted all proxies, this is NOT safe. We recommend you to set a value.
Please check https://pkg.go.dev/github.com/gin-gonic/gin#readme-don-t-trust-all-proxies for details.
[GIN-debug] Listening and serving HTTP on :8080
[GIN] 2023/01/14 - 06:45:46 | 200 |  116.964848ms |      172.22.0.1 | GET      "/"
[GIN] 2023/01/14 - 06:45:47 | 404 |         627ns |      172.22.0.1 | GET      "/todo/delete:4"
[GIN-debug] [WARNING] Creating an Engine instance with the Logger and Recovery middleware already attached.

[GIN-debug] [WARNING] Running in "debug" mode. Switch to "release" mode in production.
 - using env:	export GIN_MODE=release
 - using code:	gin.SetMode(gin.ReleaseMode)

[GIN-debug] Loaded HTML Templates (3): 
	- 
	- create_todo.html
	- home.html

[GIN-debug] GET    /                         --> github.com/karasawa/gorm-crud.git/app/controllers.TodoGet (3 handlers)
[GIN-debug] GET    /todo/create              --> github.com/karasawa/gorm-crud.git/app/controllers.TodoCreate (3 handlers)
[GIN-debug] POST   /todo/create              --> github.com/karasawa/gorm-crud.git/app/controllers.TodoCreate (3 handlers)
[GIN-debug] POST   /todo/delete/:id          --> github.com/karasawa/gorm-crud.git/app/controllers.TodoCreate (3 handlers)
[GIN-debug] [WARNING] You trusted all proxies, this is NOT safe. We recommend you to set a value.
Please check https://pkg.go.dev/github.com/gin-gonic/gin#readme-don-t-trust-all-proxies for details.
[GIN-debug] Listening and serving HTTP on :8080
[GIN-debug] [WARNING] Creating an Engine instance with the Logger and Recovery middleware already attached.

[GIN-debug] [WARNING] Running in "debug" mode. Switch to "release" mode in production.
 - using env:	export GIN_MODE=release
 - using code:	gin.SetMode(gin.ReleaseMode)

[GIN-debug] Loaded HTML Templates (3): 
	- 
	- create_todo.html
	- home.html

[GIN-debug] GET    /                         --> github.com/karasawa/gorm-crud.git/app/controllers.TodoGet (3 handlers)
[GIN-debug] GET    /todo/create              --> github.com/karasawa/gorm-crud.git/app/controllers.TodoCreate (3 handlers)
[GIN-debug] POST   /todo/create              --> github.com/karasawa/gorm-crud.git/app/controllers.TodoCreate (3 handlers)
[GIN-debug] POST   /todo/delete/:id          --> github.com/karasawa/gorm-crud.git/app/controllers.TodoCreate (3 handlers)
[GIN-debug] [WARNING] You trusted all proxies, this is NOT safe. We recommend you to set a value.
Please check https://pkg.go.dev/github.com/gin-gonic/gin#readme-don-t-trust-all-proxies for details.
[GIN-debug] Listening and serving HTTP on :8080
[GIN] 2023/01/14 - 06:53:48 | 200 |  153.533685ms |      172.22.0.1 | GET      "/"
[GIN] 2023/01/14 - 06:53:50 | 404 |       1.234µs |      172.22.0.1 | GET      "/todo/delete/4"
[GIN] 2023/01/14 - 06:55:12 | 200 |   146.32423ms |      172.22.0.1 | GET      "/"
[GIN] 2023/01/14 - 06:55:15 | 404 |         783ns |      172.22.0.1 | GET      "/todo/delete/4"
[GIN] 2023/01/14 - 06:55:43 | 200 |  123.689458ms |      172.22.0.1 | GET      "/"
[GIN] 2023/01/14 - 06:55:45 | 404 |         890ns |      172.22.0.1 | GET      "/todo/delete/4"
[GIN] 2023/01/14 - 06:56:31 | 200 |  128.807454ms |      172.22.0.1 | GET      "/"
[GIN] 2023/01/14 - 06:56:32 | 404 |         877ns |      172.22.0.1 | GET      "/todo/delete/4"
[GIN] 2023/01/14 - 06:57:24 | 200 |   116.84805ms |      172.22.0.1 | GET      "/"
[GIN] 2023/01/14 - 06:57:26 | 404 |       1.011µs |      172.22.0.1 | GET      "/todo/delete/4"
[GIN] 2023/01/14 - 06:58:28 | 200 |  132.504312ms |      172.22.0.1 | GET      "/"
[GIN] 2023/01/14 - 06:58:30 | 200 |  139.875348ms |      172.22.0.1 | GET      "/"
[GIN] 2023/01/14 - 06:58:32 | 404 |       1.022µs |      172.22.0.1 | GET      "/todo/delete/4"
[GIN] 2023/01/14 - 07:01:19 | 404 |       1.296µs |      172.22.0.1 | GET      "/todo/delete/4"
[GIN] 2023/01/14 - 07:01:24 | 200 |  130.445214ms |      172.22.0.1 | GET      "/"
[GIN] 2023/01/14 - 07:01:26 | 404 |         787ns |      172.22.0.1 | GET      "/todo/delete/4"
[GIN-debug] [WARNING] Creating an Engine instance with the Logger and Recovery middleware already attached.

[GIN-debug] [WARNING] Running in "debug" mode. Switch to "release" mode in production.
 - using env:	export GIN_MODE=release
 - using code:	gin.SetMode(gin.ReleaseMode)

[GIN-debug] Loaded HTML Templates (3): 
	- 
	- create_todo.html
	- home.html

[GIN-debug] GET    /                         --> github.com/karasawa/gorm-crud.git/app/controllers.TodoGet (3 handlers)
[GIN-debug] GET    /todo/create              --> github.com/karasawa/gorm-crud.git/app/controllers.TodoCreate (3 handlers)
[GIN-debug] POST   /todo/create              --> github.com/karasawa/gorm-crud.git/app/controllers.TodoCreate (3 handlers)
[GIN-debug] GET    /todo/delete/:id          --> github.com/karasawa/gorm-crud.git/app/controllers.TodoDelete (3 handlers)
[GIN-debug] [WARNING] You trusted all proxies, this is NOT safe. We recommend you to set a value.
Please check https://pkg.go.dev/github.com/gin-gonic/gin#readme-don-t-trust-all-proxies for details.
[GIN-debug] Listening and serving HTTP on :8080
[GIN-debug] [WARNING] Creating an Engine instance with the Logger and Recovery middleware already attached.

[GIN-debug] [WARNING] Running in "debug" mode. Switch to "release" mode in production.
 - using env:	export GIN_MODE=release
 - using code:	gin.SetMode(gin.ReleaseMode)

[GIN-debug] Loaded HTML Templates (3): 
	- 
	- create_todo.html
	- home.html

[GIN-debug] GET    /                         --> github.com/karasawa/gorm-crud.git/app/controllers.TodoGet (3 handlers)
[GIN-debug] GET    /todo/create              --> github.com/karasawa/gorm-crud.git/app/controllers.TodoCreate (3 handlers)
[GIN-debug] POST   /todo/create              --> github.com/karasawa/gorm-crud.git/app/controllers.TodoCreate (3 handlers)
[GIN-debug] GET    /todo/delete/:ID          --> github.com/karasawa/gorm-crud.git/app/controllers.TodoDelete (3 handlers)
[GIN-debug] [WARNING] You trusted all proxies, this is NOT safe. We recommend you to set a value.
Please check https://pkg.go.dev/github.com/gin-gonic/gin#readme-don-t-trust-all-proxies for details.
[GIN-debug] Listening and serving HTTP on :8080
[GIN] 2023/01/14 - 07:06:13 | 200 |  161.487056ms |      172.22.0.1 | GET      "/"
[GIN] 2023/01/14 - 07:06:43 | 302 | 27.759186881s |      172.22.0.1 | GET      "/todo/delete/4"
[GIN] 2023/01/14 - 07:06:43 | 200 |  133.221241ms |      172.22.0.1 | GET      "/"
[GIN-debug] [WARNING] Creating an Engine instance with the Logger and Recovery middleware already attached.

[GIN-debug] [WARNING] Running in "debug" mode. Switch to "release" mode in production.
 - using env:	export GIN_MODE=release
 - using code:	gin.SetMode(gin.ReleaseMode)

[GIN-debug] Loaded HTML Templates (3): 
	- 
	- create_todo.html
	- home.html

[GIN-debug] GET    /                         --> github.com/karasawa/gorm-crud.git/app/controllers.TodoGet (3 handlers)
[GIN-debug] GET    /todo/create              --> github.com/karasawa/gorm-crud.git/app/controllers.TodoCreate (3 handlers)
[GIN-debug] POST   /todo/create              --> github.com/karasawa/gorm-crud.git/app/controllers.TodoCreate (3 handlers)
[GIN-debug] GET    /todo/delete/:ID          --> github.com/karasawa/gorm-crud.git/app/controllers.TodoDelete (3 handlers)
[GIN-debug] [WARNING] You trusted all proxies, this is NOT safe. We recommend you to set a value.
Please check https://pkg.go.dev/github.com/gin-gonic/gin#readme-don-t-trust-all-proxies for details.
[GIN-debug] Listening and serving HTTP on :8080
[GIN] 2023/01/14 - 07:06:56 | 200 |   120.33423ms |      172.22.0.1 | GET      "/"
[GIN] 2023/01/14 - 07:06:58 | 302 |  128.572864ms |      172.22.0.1 | GET      "/todo/delete/5"
[GIN] 2023/01/14 - 07:06:58 | 200 |  137.489761ms |      172.22.0.1 | GET      "/"
[GIN] 2023/01/14 - 07:06:59 | 200 |   18.271987ms |      172.22.0.1 | GET      "/todo/create"
[GIN] 2023/01/14 - 07:07:03 | 302 |   97.724031ms |      172.22.0.1 | POST     "/todo/create"
[GIN] 2023/01/14 - 07:07:03 | 200 |  112.669088ms |      172.22.0.1 | GET      "/"
[GIN] 2023/01/14 - 07:07:06 | 302 |  131.382403ms |      172.22.0.1 | GET      "/todo/delete/7"
[GIN] 2023/01/14 - 07:07:07 | 200 |  114.242349ms |      172.22.0.1 | GET      "/"
[GIN] 2023/01/14 - 07:07:08 | 200 |   15.693569ms |      172.22.0.1 | GET      "/todo/create"
[GIN] 2023/01/14 - 07:07:13 | 302 |   134.01147ms |      172.22.0.1 | POST     "/todo/create"
[GIN] 2023/01/14 - 07:07:13 | 200 |  113.089797ms |      172.22.0.1 | GET      "/"
[GIN] 2023/01/14 - 07:07:14 | 200 |   16.854529ms |      172.22.0.1 | GET      "/todo/create"
[GIN] 2023/01/14 - 07:07:18 | 302 |  100.899891ms |      172.22.0.1 | POST     "/todo/create"
[GIN] 2023/01/14 - 07:07:19 | 200 |  123.995045ms |      172.22.0.1 | GET      "/"
[GIN] 2023/01/14 - 07:07:21 | 302 |  115.701506ms |      172.22.0.1 | GET      "/todo/delete/6"
[GIN] 2023/01/14 - 07:07:21 | 200 |  111.109712ms |      172.22.0.1 | GET      "/"
[GIN] 2023/01/14 - 07:37:40 | 404 |      10.642µs |      172.22.0.1 | GET      "/api"
[GIN-debug] [WARNING] Creating an Engine instance with the Logger and Recovery middleware already attached.

[GIN-debug] [WARNING] Running in "debug" mode. Switch to "release" mode in production.
 - using env:	export GIN_MODE=release
 - using code:	gin.SetMode(gin.ReleaseMode)

[GIN-debug] Loaded HTML Templates (3): 
	- 
	- create_todo.html
	- home.html

[GIN-debug] GET    /                         --> github.com/karasawa/gorm-crud.git/app/controllers.TodoGet (3 handlers)
[GIN-debug] GET    /todo/create              --> github.com/karasawa/gorm-crud.git/app/controllers.TodoCreate (3 handlers)
[GIN-debug] POST   /todo/create              --> github.com/karasawa/gorm-crud.git/app/controllers.TodoCreate (3 handlers)
[GIN-debug] GET    /todo/delete/:ID          --> github.com/karasawa/gorm-crud.git/app/controllers.TodoDelete (3 handlers)
[GIN-debug] GET    /api                      --> main.main.func1 (3 handlers)
[GIN-debug] [WARNING] You trusted all proxies, this is NOT safe. We recommend you to set a value.
Please check https://pkg.go.dev/github.com/gin-gonic/gin#readme-don-t-trust-all-proxies for details.
[GIN-debug] Listening and serving HTTP on :8080
[GIN] 2023/01/14 - 07:37:54 | 200 |      36.461µs |      172.22.0.1 | GET      "/api"
[GIN] 2023/01/14 - 07:40:13 | 200 |     158.899µs |      172.22.0.1 | GET      "/api"
[GIN-debug] [WARNING] Creating an Engine instance with the Logger and Recovery middleware already attached.

[GIN-debug] [WARNING] Running in "debug" mode. Switch to "release" mode in production.
 - using env:	export GIN_MODE=release
 - using code:	gin.SetMode(gin.ReleaseMode)

[GIN-debug] Loaded HTML Templates (3): 
	- 
	- create_todo.html
	- home.html

[GIN-debug] GET    /                         --> github.com/karasawa/gorm-crud.git/app/controllers.TodoGet (3 handlers)
[GIN-debug] GET    /todo/create              --> github.com/karasawa/gorm-crud.git/app/controllers.TodoCreate (3 handlers)
[GIN-debug] POST   /todo/create              --> github.com/karasawa/gorm-crud.git/app/controllers.TodoCreate (3 handlers)
[GIN-debug] GET    /todo/delete/:ID          --> github.com/karasawa/gorm-crud.git/app/controllers.TodoDelete (3 handlers)
[GIN-debug] GET    /api                      --> main.main.func1 (3 handlers)
[GIN-debug] [WARNING] You trusted all proxies, this is NOT safe. We recommend you to set a value.
Please check https://pkg.go.dev/github.com/gin-gonic/gin#readme-don-t-trust-all-proxies for details.
[GIN-debug] Listening and serving HTTP on :8080
[GIN] 2023/01/14 - 07:40:20 | 500 |  130.902701ms |      172.22.0.1 | GET      "/api"
[GIN-debug] [WARNING] Creating an Engine instance with the Logger and Recovery middleware already attached.

[GIN-debug] [WARNING] Running in "debug" mode. Switch to "release" mode in production.
 - using env:	export GIN_MODE=release
 - using code:	gin.SetMode(gin.ReleaseMode)

[GIN-debug] Loaded HTML Templates (3): 
	- 
	- create_todo.html
	- home.html

[GIN-debug] GET    /                         --> github.com/karasawa/gorm-crud.git/app/controllers.TodoGet (3 handlers)
[GIN-debug] GET    /todo/create              --> github.com/karasawa/gorm-crud.git/app/controllers.TodoCreate (3 handlers)
[GIN-debug] POST   /todo/create              --> github.com/karasawa/gorm-crud.git/app/controllers.TodoCreate (3 handlers)
[GIN-debug] GET    /todo/delete/:ID          --> github.com/karasawa/gorm-crud.git/app/controllers.TodoDelete (3 handlers)
[GIN-debug] GET    /api                      --> main.main.func1 (3 handlers)
[GIN-debug] [WARNING] You trusted all proxies, this is NOT safe. We recommend you to set a value.
Please check https://pkg.go.dev/github.com/gin-gonic/gin#readme-don-t-trust-all-proxies for details.
[GIN-debug] Listening and serving HTTP on :8080
[GIN] 2023/01/14 - 07:41:10 | 500 |  101.617337ms |      172.22.0.1 | GET      "/api"
[GIN-debug] [WARNING] Creating an Engine instance with the Logger and Recovery middleware already attached.

[GIN-debug] [WARNING] Running in "debug" mode. Switch to "release" mode in production.
 - using env:	export GIN_MODE=release
 - using code:	gin.SetMode(gin.ReleaseMode)

[GIN-debug] Loaded HTML Templates (3): 
	- 
	- create_todo.html
	- home.html

[GIN-debug] GET    /                         --> github.com/karasawa/gorm-crud.git/app/controllers.TodoGet (3 handlers)
[GIN-debug] GET    /todo/create              --> github.com/karasawa/gorm-crud.git/app/controllers.TodoCreate (3 handlers)
[GIN-debug] POST   /todo/create              --> github.com/karasawa/gorm-crud.git/app/controllers.TodoCreate (3 handlers)
[GIN-debug] GET    /todo/delete/:ID          --> github.com/karasawa/gorm-crud.git/app/controllers.TodoDelete (3 handlers)
[GIN-debug] GET    /api                      --> main.main.func1 (3 handlers)
[GIN-debug] [WARNING] You trusted all proxies, this is NOT safe. We recommend you to set a value.
Please check https://pkg.go.dev/github.com/gin-gonic/gin#readme-don-t-trust-all-proxies for details.
[GIN-debug] Listening and serving HTTP on :8080
[GIN] 2023/01/14 - 07:42:43 | 200 |  102.001506ms |      172.22.0.1 | GET      "/api"
[GIN-debug] [WARNING] Creating an Engine instance with the Logger and Recovery middleware already attached.

[GIN-debug] [WARNING] Running in "debug" mode. Switch to "release" mode in production.
 - using env:	export GIN_MODE=release
 - using code:	gin.SetMode(gin.ReleaseMode)

[GIN-debug] Loaded HTML Templates (3): 
	- 
	- create_todo.html
	- home.html

[GIN-debug] GET    /                         --> github.com/karasawa/gorm-crud.git/app/controllers.TodoGet (4 handlers)
[GIN-debug] GET    /todo/create              --> github.com/karasawa/gorm-crud.git/app/controllers.TodoCreate (4 handlers)
[GIN-debug] POST   /todo/create              --> github.com/karasawa/gorm-crud.git/app/controllers.TodoCreate (4 handlers)
[GIN-debug] GET    /todo/delete/:ID          --> github.com/karasawa/gorm-crud.git/app/controllers.TodoDelete (4 handlers)
[GIN-debug] GET    /api                      --> main.main.func1 (4 handlers)
[GIN-debug] [WARNING] You trusted all proxies, this is NOT safe. We recommend you to set a value.
Please check https://pkg.go.dev/github.com/gin-gonic/gin#readme-don-t-trust-all-proxies for details.
[GIN-debug] Listening and serving HTTP on :8080
[GIN] 2023/01/14 - 07:56:17 | 200 |   97.878556ms |      172.22.0.1 | GET      "/api"
[GIN] 2023/01/14 - 08:02:35 | 200 |   95.292831ms |      172.22.0.1 | GET      "/api"
[GIN] 2023/01/14 - 08:03:02 | 200 |  120.017192ms |      172.22.0.1 | GET      "/api"
[GIN] 2023/01/14 - 08:03:12 | 200 |   94.947357ms |      172.22.0.1 | GET      "/api"
[GIN] 2023/01/14 - 08:03:30 | 200 |  101.575459ms |      172.22.0.1 | GET      "/api"
[GIN] 2023/01/14 - 08:03:55 | 200 |   91.133208ms |      172.22.0.1 | GET      "/api"
[GIN] 2023/01/14 - 08:04:36 | 200 |    93.89226ms |      172.22.0.1 | GET      "/api"
[GIN] 2023/01/14 - 08:04:37 | 200 |   93.872895ms |      172.22.0.1 | GET      "/api"
[GIN] 2023/01/14 - 08:05:43 | 200 |  138.779598ms |      172.22.0.1 | GET      "/api"
[GIN] 2023/01/14 - 08:09:55 | 200 |   96.152177ms |      172.22.0.1 | GET      "/api"
[GIN] 2023/01/14 - 08:16:54 | 204 |      54.446µs |      172.22.0.1 | OPTIONS  "/todo/delete/8"
[GIN] 2023/01/14 - 08:16:55 | 302 |  110.496717ms |      172.22.0.1 | GET      "/todo/delete/8"
[GIN] 2023/01/14 - 08:16:55 | 204 |       9.305µs |      172.22.0.1 | OPTIONS  "/"
[GIN] 2023/01/14 - 08:16:55 | 200 |  129.893504ms |      172.22.0.1 | GET      "/"
[GIN] 2023/01/14 - 08:17:02 | 200 |   111.94003ms |      172.22.0.1 | GET      "/"
[GIN] 2023/01/14 - 08:17:05 | 200 |   101.35867ms |      172.22.0.1 | GET      "/api"
[GIN] 2023/01/14 - 08:17:06 | 200 |   96.950838ms |      172.22.0.1 | GET      "/api"
[GIN] 2023/01/14 - 08:20:04 | 204 |       7.845µs |      172.22.0.1 | OPTIONS  "/todo/create"
[GIN] 2023/01/14 - 08:20:04 | 302 |  100.432891ms |      172.22.0.1 | POST     "/todo/create"
[GIN] 2023/01/14 - 08:20:04 | 200 |  110.193858ms |      172.22.0.1 | GET      "/"
[GIN] 2023/01/14 - 08:20:12 | 200 |  104.658202ms |      172.22.0.1 | GET      "/api"
[GIN] 2023/01/14 - 08:21:15 | 200 |  189.965216ms |      172.22.0.1 | GET      "/api"
[GIN] 2023/01/14 - 08:21:19 | 302 |  116.671119ms |      172.22.0.1 | POST     "/todo/create"
[GIN] 2023/01/14 - 08:21:19 | 200 |  116.222957ms |      172.22.0.1 | GET      "/"
[GIN] 2023/01/14 - 08:21:21 | 200 |  100.398907ms |      172.22.0.1 | GET      "/api"
